#
# There is insufficient memory for the Java Runtime Environment to continue.
# Native memory allocation (malloc) failed to allocate 1048576 bytes. Error detail: AllocateHeap
# Possible reasons:
#   The system is out of physical RAM or swap space
#   This process is running with CompressedOops enabled, and the Java Heap may be blocking the growth of the native heap
# Possible solutions:
#   Reduce memory load on the system
#   Increase physical memory or swap space
#   Check if swap backing store is full
#   Decrease Java heap size (-Xmx/-Xms)
#   Decrease number of Java threads
#   Decrease Java thread stack sizes (-Xss)
#   Set larger code cache with -XX:ReservedCodeCacheSize=
#   JVM is running with Unscaled Compressed Oops mode in which the Java heap is
#     placed in the first 4GB address space. The Java Heap base address is the
#     maximum limit for the native heap growth. Please use -XX:HeapBaseMinAddress
#     to set the Java Heap base and to place the Java Heap above 4GB virtual address.
# This output file may be truncated or incomplete.
#
#  Out of Memory Error (allocation.cpp:44), pid=23800, tid=6992
#
# JRE version: OpenJDK Runtime Environment Temurin-21.0.8+9 (21.0.8+9) (build 21.0.8+9-LTS)
# Java VM: OpenJDK 64-Bit Server VM Temurin-21.0.8+9 (21.0.8+9-LTS, mixed mode, sharing, tiered, compressed oops, compressed class ptrs, parallel gc, windows-amd64)
# No core dump will be written. Minidumps are not enabled by default on client versions of Windows
#

---------------  S U M M A R Y ------------

Command Line: --add-modules=ALL-SYSTEM --add-opens=java.base/java.util=ALL-UNNAMED --add-opens=java.base/java.lang=ALL-UNNAMED --add-opens=java.base/sun.nio.fs=ALL-UNNAMED -Declipse.application=org.eclipse.jdt.ls.core.id1 -Dosgi.bundles.defaultStartLevel=4 -Declipse.product=org.eclipse.jdt.ls.core.product -Djava.import.generatesMetadataFilesAtProjectRoot=false -DDetectVMInstallationsJob.disabled=true -Dfile.encoding=utf8 -XX:+UseParallelGC -XX:GCTimeRatio=4 -XX:AdaptiveSizePolicyWeight=90 -Dsun.zip.disableMemoryMapping=true -Xmx2G -Xms100m -Xlog:disable -javaagent:c:\Users\computer\.vscode\extensions\redhat.java-1.44.0-win32-x64\lombok\lombok-1.18.39-4050.jar -XX:+HeapDumpOnOutOfMemoryError -XX:HeapDumpPath=c:\Users\computer\AppData\Roaming\Code\User\workspaceStorage\7b93717b613e8bba744ae69654d18049\redhat.java -Daether.dependencyCollector.impl=bf c:\Users\computer\.vscode\extensions\redhat.java-1.44.0-win32-x64\server\plugins\org.eclipse.equinox.launcher_1.7.0.v20250519-0528.jar -configuration c:\Users\computer\AppData\Roaming\Code\User\globalStorage\redhat.java\1.44.0\config_win -data c:\Users\computer\AppData\Roaming\Code\User\workspaceStorage\7b93717b613e8bba744ae69654d18049\redhat.java\jdt_ws --pipe=\\.\pipe\lsp-42d79c2c00d9125bd294aa16129b5efa-sock

Host: 11th Gen Intel(R) Core(TM) i7-1165G7 @ 2.80GHz, 8 cores, 15G,  Windows 11 , 64 bit Build 26100 (10.0.26100.4768)
Time: Tue Aug 12 19:19:42 2025 SE Asia Standard Time elapsed time: 34155.450334 seconds (0d 9h 29m 15s)

---------------  T H R E A D  ---------------

Current thread (0x00000219eb05b630):  JavaThread "Attach Listener" daemon [_thread_in_vm, id=6992, stack(0x0000006b5ef00000,0x0000006b5f000000) (1024K)]

Stack: [0x0000006b5ef00000,0x0000006b5f000000]
Native frames: (J=compiled Java code, j=interpreted, Vv=VM code, C=native code)
V  [jvm.dll+0x6d2449]
V  [jvm.dll+0x8ae341]
V  [jvm.dll+0x8b08be]
V  [jvm.dll+0x8b0fa3]
V  [jvm.dll+0x280c96]
V  [jvm.dll+0xc0347]
V  [jvm.dll+0x6d2cf9]
V  [jvm.dll+0x131116]
V  [jvm.dll+0x3f2d16]
V  [jvm.dll+0x857e6b]
V  [jvm.dll+0x6d0b0d]
C  [ucrtbase.dll+0x37b0]
C  [KERNEL32.DLL+0x2e8d7]
C  [ntdll.dll+0x3c34c]


---------------  P R O C E S S  ---------------

Threads class SMR info:
_java_thread_list=0x00000219f4588230, length=54, elements={
0x00000219d21ca7a0, 0x00000219d46aac80, 0x00000219d46abb30, 0x00000219eb056a00,
0x00000219eb05b630, 0x00000219eb05d240, 0x00000219eb0704a0, 0x00000219ec931780,
0x00000219eb072f60, 0x00000219ec9d2c80, 0x00000219f10afb00, 0x00000219f1551830,
0x00000219ec9bb860, 0x00000219ec9bbec0, 0x00000219f12561a0, 0x00000219f1295d70,
0x00000219f1787bd0, 0x00000219eccc5720, 0x00000219eccb9800, 0x00000219f16e11c0,
0x00000219f16e3920, 0x00000219f16e1850, 0x00000219f16e3290, 0x00000219f16e1ee0,
0x00000219f47f06d0, 0x00000219f47ef320, 0x00000219f47ed8e0, 0x00000219f47f0d60,
0x00000219f47f13f0, 0x00000219f47edf70, 0x00000219f47ef9b0, 0x00000219f47f1a80,
0x00000219fe92c410, 0x00000219c1f9cb80, 0x00000219c1f9e5c0, 0x00000219c1f9d210,
0x00000219c1f99070, 0x00000219f18cbfd0, 0x00000219f47f2110, 0x00000219fe929620,
0x00000219f18c91e0, 0x00000219f18ce730, 0x00000219f18cf450, 0x00000219f47f4f00,
0x00000219f47f3b50, 0x00000219c1f9a420, 0x00000219c1f96fa0, 0x00000219c1f9df30,
0x00000219c1f9b7d0, 0x00000219c1f98350, 0x00000219c1f97630, 0x00000219f18cc660,
0x00000219f18cccf0, 0x00000219f18cb940
}

Java Threads: ( => current thread )
  0x00000219d21ca7a0 JavaThread "main"                              [_thread_blocked, id=22872, stack(0x0000006b5e800000,0x0000006b5e900000) (1024K)]
  0x00000219d46aac80 JavaThread "Reference Handler"          daemon [_thread_blocked, id=22296, stack(0x0000006b5ec00000,0x0000006b5ed00000) (1024K)]
  0x00000219d46abb30 JavaThread "Finalizer"                  daemon [_thread_blocked, id=15572, stack(0x0000006b5ed00000,0x0000006b5ee00000) (1024K)]
  0x00000219eb056a00 JavaThread "Signal Dispatcher"          daemon [_thread_blocked, id=23096, stack(0x0000006b5ee00000,0x0000006b5ef00000) (1024K)]
=>0x00000219eb05b630 JavaThread "Attach Listener"            daemon [_thread_in_vm, id=6992, stack(0x0000006b5ef00000,0x0000006b5f000000) (1024K)]
  0x00000219eb05d240 JavaThread "Service Thread"             daemon [_thread_blocked, id=23272, stack(0x0000006b5f000000,0x0000006b5f100000) (1024K)]
  0x00000219eb0704a0 JavaThread "Monitor Deflation Thread"   daemon [_thread_blocked, id=24128, stack(0x0000006b5f100000,0x0000006b5f200000) (1024K)]
  0x00000219ec931780 JavaThread "C2 CompilerThread0"         daemon [_thread_blocked, id=22452, stack(0x0000006b5f200000,0x0000006b5f300000) (1024K)]
  0x00000219eb072f60 JavaThread "C1 CompilerThread0"         daemon [_thread_blocked, id=17084, stack(0x0000006b5f300000,0x0000006b5f400000) (1024K)]
  0x00000219ec9d2c80 JavaThread "Common-Cleaner"             daemon [_thread_blocked, id=12980, stack(0x0000006b5f400000,0x0000006b5f500000) (1024K)]
  0x00000219f10afb00 JavaThread "Notification Thread"        daemon [_thread_blocked, id=21740, stack(0x0000006b5f700000,0x0000006b5f800000) (1024K)]
  0x00000219f1551830 JavaThread "Active Thread: Equinox Container: e13a6b23-0b11-4b3f-9232-8f8335a6a892"        [_thread_blocked, id=23976, stack(0x0000006b5fe00000,0x0000006b5ff00000) (1024K)]
  0x00000219ec9bb860 JavaThread "Refresh Thread: Equinox Container: e13a6b23-0b11-4b3f-9232-8f8335a6a892" daemon [_thread_blocked, id=1572, stack(0x0000006b5f600000,0x0000006b5f700000) (1024K)]
  0x00000219ec9bbec0 JavaThread "Framework Event Dispatcher: Equinox Container: e13a6b23-0b11-4b3f-9232-8f8335a6a892" daemon [_thread_blocked, id=21840, stack(0x0000006b5ff00000,0x0000006b60000000) (1024K)]
  0x00000219f12561a0 JavaThread "Start Level: Equinox Container: e13a6b23-0b11-4b3f-9232-8f8335a6a892" daemon [_thread_blocked, id=16524, stack(0x0000006b60000000,0x0000006b60100000) (1024K)]
  0x00000219f1295d70 JavaThread "Bundle File Closer"         daemon [_thread_blocked, id=1164, stack(0x0000006b60200000,0x0000006b60300000) (1024K)]
  0x00000219f1787bd0 JavaThread "SCR Component Actor"        daemon [_thread_blocked, id=3900, stack(0x0000006b60100000,0x0000006b60200000) (1024K)]
  0x00000219eccc5720 JavaThread "Worker-JM"                         [_thread_blocked, id=21420, stack(0x0000006b60500000,0x0000006b60600000) (1024K)]
  0x00000219eccb9800 JavaThread "JNA Cleaner"                daemon [_thread_blocked, id=23456, stack(0x0000006b60600000,0x0000006b60700000) (1024K)]
  0x00000219f16e11c0 JavaThread "Java indexing"              daemon [_thread_blocked, id=12912, stack(0x0000006b60a00000,0x0000006b60b00000) (1024K)]
  0x00000219f16e3920 JavaThread "Thread-2"                   daemon [_thread_in_native, id=24200, stack(0x0000006b61000000,0x0000006b61100000) (1024K)]
  0x00000219f16e1850 JavaThread "Thread-3"                   daemon [_thread_in_native, id=13380, stack(0x0000006b61100000,0x0000006b61200000) (1024K)]
  0x00000219f16e3290 JavaThread "Thread-4"                   daemon [_thread_in_native, id=14396, stack(0x0000006b61200000,0x0000006b61300000) (1024K)]
  0x00000219f16e1ee0 JavaThread "Thread-5"                   daemon [_thread_in_native, id=17976, stack(0x0000006b61300000,0x0000006b61400000) (1024K)]
  0x00000219f47f06d0 JavaThread "Thread-6"                   daemon [_thread_in_native, id=8156, stack(0x0000006b61400000,0x0000006b61500000) (1024K)]
  0x00000219f47ef320 JavaThread "Thread-7"                   daemon [_thread_in_native, id=23092, stack(0x0000006b61500000,0x0000006b61600000) (1024K)]
  0x00000219f47ed8e0 JavaThread "Thread-8"                   daemon [_thread_in_native, id=21684, stack(0x0000006b61600000,0x0000006b61700000) (1024K)]
  0x00000219f47f0d60 JavaThread "Thread-9"                   daemon [_thread_in_native, id=13236, stack(0x0000006b61700000,0x0000006b61800000) (1024K)]
  0x00000219f47f13f0 JavaThread "Thread-10"                  daemon [_thread_in_native, id=23908, stack(0x0000006b61800000,0x0000006b61900000) (1024K)]
  0x00000219f47edf70 JavaThread "pool-2-thread-1"                   [_thread_blocked, id=17100, stack(0x0000006b61900000,0x0000006b61a00000) (1024K)]
  0x00000219f47ef9b0 JavaThread "WorkspaceEventsHandler"            [_thread_blocked, id=2852, stack(0x0000006b61a00000,0x0000006b61b00000) (1024K)]
  0x00000219f47f1a80 JavaThread "pool-1-thread-1"                   [_thread_blocked, id=13416, stack(0x0000006b61b00000,0x0000006b61c00000) (1024K)]
  0x00000219fe92c410 JavaThread "Cleaner-0"                  daemon [_thread_blocked, id=18056, stack(0x0000006b60900000,0x0000006b60a00000) (1024K)]
  0x00000219c1f9cb80 JavaThread "Java Debug Server"          daemon [_thread_in_native, id=3740, stack(0x0000006b62300000,0x0000006b62400000) (1024K)]
  0x00000219c1f9e5c0 JavaThread "RxSchedulerPurge-1"         daemon [_thread_blocked, id=21788, stack(0x0000006b62500000,0x0000006b62600000) (1024K)]
  0x00000219c1f9d210 JavaThread "RxCachedWorkerPoolEvictor-1" daemon [_thread_blocked, id=7060, stack(0x0000006b62600000,0x0000006b62700000) (1024K)]
  0x00000219c1f99070 JavaThread "ForkJoinPool.commonPool-worker-137" daemon [_thread_blocked, id=7252, stack(0x0000006b60400000,0x0000006b60500000) (1024K)]
  0x00000219f18cbfd0 JavaThread "ForkJoinPool.commonPool-worker-139" daemon [_thread_blocked, id=19988, stack(0x0000006b60f00000,0x0000006b61000000) (1024K)]
  0x00000219f47f2110 JavaThread "ForkJoinPool.commonPool-worker-141" daemon [_thread_blocked, id=21608, stack(0x0000006b60c00000,0x0000006b60d00000) (1024K)]
  0x00000219fe929620 JavaThread "Worker-98"                         [_thread_blocked, id=18288, stack(0x0000006b5e500000,0x0000006b5e600000) (1024K)]
  0x00000219f18c91e0 JavaThread "ForkJoinPool.commonPool-worker-142" daemon [_thread_blocked, id=23708, stack(0x0000006b5e600000,0x0000006b5e700000) (1024K)]
  0x00000219f18ce730 JavaThread "Compiler Source File Reader" daemon [_thread_blocked, id=21548, stack(0x0000006b60e00000,0x0000006b60f00000) (1024K)]
  0x00000219f18cf450 JavaThread "Compiler Source File Reader" daemon [_thread_blocked, id=24344, stack(0x0000006b61e00000,0x0000006b61f00000) (1024K)]
  0x00000219f47f4f00 JavaThread "ForkJoinPool.commonPool-worker-145" daemon [_thread_blocked, id=18000, stack(0x0000006b60700000,0x0000006b60800000) (1024K)]
  0x00000219f47f3b50 JavaThread "Worker-105"                        [_thread_blocked, id=15728, stack(0x0000006b60d00000,0x0000006b60e00000) (1024K)]
  0x00000219c1f9a420 JavaThread "Compiler Source File Reader" daemon [_thread_blocked, id=5416, stack(0x0000006b60800000,0x0000006b60900000) (1024K)]
  0x00000219c1f96fa0 JavaThread "Compiler Source File Reader" daemon [_thread_blocked, id=19672, stack(0x0000006b61c00000,0x0000006b61d00000) (1024K)]
  0x00000219c1f9df30 JavaThread "Compiler Source File Reader" daemon [_thread_blocked, id=13556, stack(0x0000006b61f00000,0x0000006b62000000) (1024K)]
  0x00000219c1f9b7d0 JavaThread "Compiler Source File Reader" daemon [_thread_blocked, id=18376, stack(0x0000006b62000000,0x0000006b62100000) (1024K)]
  0x00000219c1f98350 JavaThread "ForkJoinPool.commonPool-worker-146" daemon [_thread_blocked, id=16900, stack(0x0000006b5e700000,0x0000006b5e800000) (1024K)]
  0x00000219c1f97630 JavaThread "Worker-107"                        [_thread_blocked, id=20588, stack(0x0000006b60300000,0x0000006b60400000) (1024K)]
  0x00000219f18cc660 JavaThread "Worker-108"                        [_thread_blocked, id=19460, stack(0x0000006b62200000,0x0000006b62300000) (1024K)]
  0x00000219f18cccf0 JavaThread "Worker-109"                        [_thread_blocked, id=8408, stack(0x0000006b61d00000,0x0000006b61e00000) (1024K)]
  0x00000219f18cb940 JavaThread "Compiler Processing Task"   daemon [_thread_blocked, id=22288, stack(0x0000006b60b00000,0x0000006b60c00000) (1024K)]
Total: 54

Other Threads:
  0x00000219eb053bb0 VMThread "VM Thread"                           [id=9644, stack(0x0000006b5eb00000,0x0000006b5ec00000) (1024K)]
  0x00000219d465a390 WatcherThread "VM Periodic Task Thread"        [id=2688, stack(0x0000006b5ea00000,0x0000006b5eb00000) (1024K)]
  0x00000219d460bd20 WorkerThread "GC Thread#0"                     [id=23948, stack(0x0000006b5e900000,0x0000006b5ea00000) (1024K)]
  0x00000219f1794cd0 WorkerThread "GC Thread#1"                     [id=24052, stack(0x0000006b5f800000,0x0000006b5f900000) (1024K)]
  0x00000219f17c9750 WorkerThread "GC Thread#2"                     [id=23580, stack(0x0000006b5f900000,0x0000006b5fa00000) (1024K)]
  0x00000219f1795070 WorkerThread "GC Thread#3"                     [id=17984, stack(0x0000006b5fa00000,0x0000006b5fb00000) (1024K)]
  0x00000219f1925400 WorkerThread "GC Thread#4"                     [id=24060, stack(0x0000006b5fb00000,0x0000006b5fc00000) (1024K)]
  0x00000219f19257a0 WorkerThread "GC Thread#5"                     [id=17376, stack(0x0000006b5fc00000,0x0000006b5fd00000) (1024K)]
  0x00000219f1925b40 WorkerThread "GC Thread#6"                     [id=18588, stack(0x0000006b5fd00000,0x0000006b5fe00000) (1024K)]
  0x00000219f119e680 WorkerThread "GC Thread#7"                     [id=19420, stack(0x0000006b5f500000,0x0000006b5f600000) (1024K)]
Total: 10

Threads with active compile tasks:
Total: 0

VM state: not at safepoint (normal execution)

VM Mutex/Monitor currently owned by a thread: None

Heap address: 0x0000000080000000, size: 2048 MB, Compressed Oops mode: 32-bit

CDS archive(s) mapped at: [0x0000021980000000-0x0000021980ba0000-0x0000021980ba0000), size 12189696, SharedBaseAddress: 0x0000021980000000, ArchiveRelocationMode: 1.
Compressed class space mapped at: 0x0000021981000000-0x00000219c1000000, reserved size: 1073741824
Narrow klass base: 0x0000021980000000, Narrow klass shift: 0, Narrow klass range: 0x100000000

GC Precious Log:
 CardTable entry size: 512
 CPUs: 8 total, 8 available
 Memory: 16126M
 Large Page Support: Disabled
 NUMA Support: Disabled
 Compressed Oops: Enabled (32-bit)
 Alignments: Space 512K, Generation 512K, Heap 2M
 Heap Min Capacity: 100M
 Heap Initial Capacity: 100M
 Heap Max Capacity: 2G
 Pre-touch: Disabled
 Parallel Workers: 8

Heap:
 PSYoungGen      total 7680K, used 3487K [0x00000000d5580000, 0x00000000d6300000, 0x0000000100000000)
  eden space 4608K, 9% used [0x00000000d5580000,0x00000000d55ebb70,0x00000000d5a00000)
  from space 3072K, 99% used [0x00000000d5e00000,0x00000000d60fc2f0,0x00000000d6100000)
  to   space 4096K, 0% used [0x00000000d5a00000,0x00000000d5a00000,0x00000000d5e00000)
 ParOldGen       total 1204224K, used 1203740K [0x0000000080000000, 0x00000000c9800000, 0x00000000d5580000)
  object space 1204224K, 99% used [0x0000000080000000,0x00000000c9787398,0x00000000c9800000)
 Metaspace       used 96249K, committed 97856K, reserved 1179648K
  class space    used 9346K, committed 10112K, reserved 1048576K

Card table byte_map: [0x00000219d3f90000,0x00000219d43a0000] _byte_map_base: 0x00000219d3b90000

Marking Bits: (ParMarkBitMap*) 0x00007ff8b12ba340
 Begin Bits: [0x00000219e6a90000, 0x00000219e8a90000)
 End Bits:   [0x00000219e8a90000, 0x00000219eaa90000)

Polling page: 0x00000219d24a0000

Metaspace:

Usage:
  Non-class:     84.87 MB used.
      Class:      9.13 MB used.
       Both:     93.99 MB used.

Virtual space:
  Non-class space:      128.00 MB reserved,      85.69 MB ( 67%) committed,  2 nodes.
      Class space:        1.00 GB reserved,       9.88 MB ( <1%) committed,  1 nodes.
             Both:        1.12 GB reserved,      95.56 MB (  8%) committed. 

Chunk freelists:
   Non-Class:  10.16 MB
       Class:  6.17 MB
        Both:  16.32 MB

MaxMetaspaceSize: unlimited
CompressedClassSpaceSize: 1.00 GB
Initial GC threshold: 21.00 MB
Current GC threshold: 159.00 MB
CDS: on
 - commit_granule_bytes: 65536.
 - commit_granule_words: 8192.
 - virtual_space_node_default_size: 8388608.
 - enlarge_chunks_in_place: 1.
 - use_allocation_guard: 0.


Internal statistics:

num_allocs_failed_limit: 9.
num_arena_births: 2020.
num_arena_deaths: 520.
num_vsnodes_births: 3.
num_vsnodes_deaths: 0.
num_space_committed: 1529.
num_space_uncommitted: 0.
num_chunks_returned_to_freelist: 599.
num_chunks_taken_from_freelist: 7168.
num_chunk_merges: 146.
num_chunk_splits: 4044.
num_chunks_enlarged: 2160.
num_inconsistent_stats: 0.

CodeHeap 'non-profiled nmethods': size=120000Kb used=29234Kb max_used=30410Kb free=90765Kb
 bounds [0x00000219df2b0000, 0x00000219e1080000, 0x00000219e67e0000]
CodeHeap 'profiled nmethods': size=120000Kb used=33484Kb max_used=52735Kb free=86515Kb
 bounds [0x00000219d77e0000, 0x00000219daba0000, 0x00000219ded10000]
CodeHeap 'non-nmethods': size=5760Kb used=1550Kb max_used=1620Kb free=4209Kb
 bounds [0x00000219ded10000, 0x00000219def80000, 0x00000219df2b0000]
CodeCache: size=245760Kb, used=64268Kb, max_used=84765Kb, free=181489Kb
 total_blobs=15851, nmethods=14995, adapters=756, full_count=0
Compilation: enabled, stopped_count=0, restarted_count=0

Compilation events (20 events):
Event: 34147.895 Thread 0x00000219eb072f60 34537       3       java.util.concurrent.CompletionException::<init> (6 bytes)
Event: 34147.895 Thread 0x00000219eb072f60 nmethod 34537 0x00000219d7e0a310 code [0x00000219d7e0a4c0, 0x00000219d7e0a6b0]
Event: 34148.240 Thread 0x00000219eb072f60 34538       3       org.eclipse.jdt.internal.compiler.parser.RecoveredBlock::add (100 bytes)
Event: 34148.240 Thread 0x00000219eb072f60 nmethod 34538 0x00000219d79c0d90 code [0x00000219d79c0fc0, 0x00000219d79c1680]
Event: 34150.561 Thread 0x00000219ec931780 34539       4       org.eclipse.jdt.internal.compiler.parser.RecoveredType::updateFromParserState (460 bytes)
Event: 34150.568 Thread 0x00000219ec931780 nmethod 34539 0x00000219df644290 code [0x00000219df644440, 0x00000219df644600]
Event: 34150.568 Thread 0x00000219ec931780 34540       4       org.eclipse.jdt.internal.codeassist.select.SelectionParser::resumeAfterRecovery (133 bytes)
Event: 34150.574 Thread 0x00000219ec931780 nmethod 34540 0x00000219e0ebec90 code [0x00000219e0ebee80, 0x00000219e0ebf1d8]
Event: 34150.589 Thread 0x00000219ec931780 34541       4       org.eclipse.jdt.internal.core.search.matching.MatchLocatorParser::checkComment (764 bytes)
Event: 34150.597 Thread 0x00000219ec931780 nmethod 34541 0x00000219e0038d90 code [0x00000219e0038fa0, 0x00000219e0039540]
Event: 34150.597 Thread 0x00000219ec931780 34542       4       org.eclipse.jdt.internal.compiler.parser.Parser::consumeBlock (224 bytes)
Event: 34150.603 Thread 0x00000219ec931780 nmethod 34542 0x00000219e0b51490 code [0x00000219e0b516c0, 0x00000219e0b52150]
Event: 34150.611 Thread 0x00000219ec931780 34543 %     4       org.eclipse.jdt.internal.compiler.parser.diagnose.DiagnoseParser::secondaryPhase @ 465 (1385 bytes)
Event: 34150.672 Thread 0x00000219ec931780 nmethod 34543% 0x00000219e0f55f10 code [0x00000219e0f56440, 0x00000219e0f59600]
Event: 34152.693 Thread 0x00000219eb072f60 34544   !   3       java.io.StringReader::reset (30 bytes)
Event: 34152.694 Thread 0x00000219eb072f60 nmethod 34544 0x00000219d8adf390 code [0x00000219d8adf560, 0x00000219d8adf8e0]
Event: 34152.696 Thread 0x00000219eb072f60 34545       3       org.eclipse.jdt.internal.codeassist.select.SelectionOnImportReference::<init> (9 bytes)
Event: 34152.696 Thread 0x00000219eb072f60 nmethod 34545 0x00000219d8306f10 code [0x00000219d83070c0, 0x00000219d8307200]
Event: 34153.742 Thread 0x00000219ec931780 34546   !   4       org.eclipse.jdt.internal.compiler.parser.Scanner::atTextBlockDelimiter (165 bytes)
Event: 34153.745 Thread 0x00000219ec931780 nmethod 34546 0x00000219dfd90b10 code [0x00000219dfd90d00, 0x00000219dfd91158]

GC Heap History (20 events):
Event: 34153.774 GC heap before
{Heap before GC invocations=18838 (full 14):
 PSYoungGen      total 4096K, used 4080K [0x00000000d5580000, 0x00000000d6180000, 0x0000000100000000)
  eden space 2048K, 100% used [0x00000000d5580000,0x00000000d5780000,0x00000000d5780000)
  from space 2048K, 99% used [0x00000000d5b80000,0x00000000d5d7c2f0,0x00000000d5d80000)
  to   space 4096K, 0% used [0x00000000d5780000,0x00000000d5780000,0x00000000d5b80000)
 ParOldGen       total 1195008K, used 1194627K [0x0000000080000000, 0x00000000c8f00000, 0x00000000d5580000)
  object space 1195008K, 99% used [0x0000000080000000,0x00000000c8ea0e58,0x00000000c8f00000)
 Metaspace       used 96249K, committed 97856K, reserved 1179648K
  class space    used 9346K, committed 10112K, reserved 1048576K
}
Event: 34153.776 GC heap after
{Heap after GC invocations=18838 (full 14):
 PSYoungGen      total 2560K, used 224K [0x00000000d5580000, 0x00000000d5c00000, 0x0000000100000000)
  eden space 2048K, 0% used [0x00000000d5580000,0x00000000d5580000,0x00000000d5780000)
  from space 512K, 43% used [0x00000000d5780000,0x00000000d57b8000,0x00000000d5800000)
  to   space 1536K, 0% used [0x00000000d5a80000,0x00000000d5a80000,0x00000000d5c00000)
 ParOldGen       total 1195008K, used 1194795K [0x0000000080000000, 0x00000000c8f00000, 0x00000000d5580000)
  object space 1195008K, 99% used [0x0000000080000000,0x00000000c8ecae58,0x00000000c8f00000)
 Metaspace       used 96249K, committed 97856K, reserved 1179648K
  class space    used 9346K, committed 10112K, reserved 1048576K
}
Event: 34153.778 GC heap before
{Heap before GC invocations=18839 (full 14):
 PSYoungGen      total 2560K, used 2272K [0x00000000d5580000, 0x00000000d5c00000, 0x0000000100000000)
  eden space 2048K, 100% used [0x00000000d5580000,0x00000000d5780000,0x00000000d5780000)
  from space 512K, 43% used [0x00000000d5780000,0x00000000d57b8000,0x00000000d5800000)
  to   space 1536K, 0% used [0x00000000d5a80000,0x00000000d5a80000,0x00000000d5c00000)
 ParOldGen       total 1195008K, used 1194795K [0x0000000080000000, 0x00000000c8f00000, 0x00000000d5580000)
  object space 1195008K, 99% used [0x0000000080000000,0x00000000c8ecae58,0x00000000c8f00000)
 Metaspace       used 96249K, committed 97856K, reserved 1179648K
  class space    used 9346K, committed 10112K, reserved 1048576K
}
Event: 34153.780 GC heap after
{Heap after GC invocations=18839 (full 14):
 PSYoungGen      total 4096K, used 1520K [0x00000000d5580000, 0x00000000d5d00000, 0x0000000100000000)
  eden space 2560K, 0% used [0x00000000d5580000,0x00000000d5580000,0x00000000d5800000)
  from space 1536K, 99% used [0x00000000d5a80000,0x00000000d5bfc2f0,0x00000000d5c00000)
  to   space 2560K, 0% used [0x00000000d5800000,0x00000000d5800000,0x00000000d5a80000)
 ParOldGen       total 1195520K, used 1195323K [0x0000000080000000, 0x00000000c8f80000, 0x00000000d5580000)
  object space 1195520K, 99% used [0x0000000080000000,0x00000000c8f4ee58,0x00000000c8f80000)
 Metaspace       used 96249K, committed 97856K, reserved 1179648K
  class space    used 9346K, committed 10112K, reserved 1048576K
}
Event: 34153.785 GC heap before
{Heap before GC invocations=18840 (full 14):
 PSYoungGen      total 4096K, used 4080K [0x00000000d5580000, 0x00000000d5d00000, 0x0000000100000000)
  eden space 2560K, 100% used [0x00000000d5580000,0x00000000d5800000,0x00000000d5800000)
  from space 1536K, 99% used [0x00000000d5a80000,0x00000000d5bfc2f0,0x00000000d5c00000)
  to   space 2560K, 0% used [0x00000000d5800000,0x00000000d5800000,0x00000000d5a80000)
 ParOldGen       total 1195520K, used 1195323K [0x0000000080000000, 0x00000000c8f80000, 0x00000000d5580000)
  object space 1195520K, 99% used [0x0000000080000000,0x00000000c8f4ee58,0x00000000c8f80000)
 Metaspace       used 96249K, committed 97856K, reserved 1179648K
  class space    used 9346K, committed 10112K, reserved 1048576K
}
Event: 34153.788 GC heap after
{Heap after GC invocations=18840 (full 14):
 PSYoungGen      total 5120K, used 1984K [0x00000000d5580000, 0x00000000d5d80000, 0x0000000100000000)
  eden space 2560K, 0% used [0x00000000d5580000,0x00000000d5580000,0x00000000d5800000)
  from space 2560K, 77% used [0x00000000d5800000,0x00000000d59f0000,0x00000000d5a80000)
  to   space 2560K, 0% used [0x00000000d5b00000,0x00000000d5b00000,0x00000000d5d80000)
 ParOldGen       total 1197056K, used 1196876K [0x0000000080000000, 0x00000000c9100000, 0x00000000d5580000)
  object space 1197056K, 99% used [0x0000000080000000,0x00000000c90d3148,0x00000000c9100000)
 Metaspace       used 96249K, committed 97856K, reserved 1179648K
  class space    used 9346K, committed 10112K, reserved 1048576K
}
Event: 34153.792 GC heap before
{Heap before GC invocations=18841 (full 14):
 PSYoungGen      total 5120K, used 4544K [0x00000000d5580000, 0x00000000d5d80000, 0x0000000100000000)
  eden space 2560K, 100% used [0x00000000d5580000,0x00000000d5800000,0x00000000d5800000)
  from space 2560K, 77% used [0x00000000d5800000,0x00000000d59f0000,0x00000000d5a80000)
  to   space 2560K, 0% used [0x00000000d5b00000,0x00000000d5b00000,0x00000000d5d80000)
 ParOldGen       total 1197056K, used 1196876K [0x0000000080000000, 0x00000000c9100000, 0x00000000d5580000)
  object space 1197056K, 99% used [0x0000000080000000,0x00000000c90d3148,0x00000000c9100000)
 Metaspace       used 96249K, committed 97856K, reserved 1179648K
  class space    used 9346K, committed 10112K, reserved 1048576K
}
Event: 34153.794 GC heap after
{Heap after GC invocations=18841 (full 14):
 PSYoungGen      total 4608K, used 1424K [0x00000000d5580000, 0x00000000d5c80000, 0x0000000100000000)
  eden space 3072K, 0% used [0x00000000d5580000,0x00000000d5580000,0x00000000d5880000)
  from space 1536K, 92% used [0x00000000d5b00000,0x00000000d5c642f0,0x00000000d5c80000)
  to   space 2048K, 0% used [0x00000000d5880000,0x00000000d5880000,0x00000000d5a80000)
 ParOldGen       total 1199104K, used 1198768K [0x0000000080000000, 0x00000000c9300000, 0x00000000d5580000)
  object space 1199104K, 99% used [0x0000000080000000,0x00000000c92ac120,0x00000000c9300000)
 Metaspace       used 96249K, committed 97856K, reserved 1179648K
  class space    used 9346K, committed 10112K, reserved 1048576K
}
Event: 34153.799 GC heap before
{Heap before GC invocations=18842 (full 14):
 PSYoungGen      total 4608K, used 4496K [0x00000000d5580000, 0x00000000d5c80000, 0x0000000100000000)
  eden space 3072K, 100% used [0x00000000d5580000,0x00000000d5880000,0x00000000d5880000)
  from space 1536K, 92% used [0x00000000d5b00000,0x00000000d5c642f0,0x00000000d5c80000)
  to   space 2048K, 0% used [0x00000000d5880000,0x00000000d5880000,0x00000000d5a80000)
 ParOldGen       total 1199104K, used 1198768K [0x0000000080000000, 0x00000000c9300000, 0x00000000d5580000)
  object space 1199104K, 99% used [0x0000000080000000,0x00000000c92ac120,0x00000000c9300000)
 Metaspace       used 96249K, committed 97856K, reserved 1179648K
  class space    used 9346K, committed 10112K, reserved 1048576K
}
Event: 34153.802 GC heap after
{Heap after GC invocations=18842 (full 14):
 PSYoungGen      total 5120K, used 2048K [0x00000000d5580000, 0x00000000d6380000, 0x0000000100000000)
  eden space 3072K, 0% used [0x00000000d5580000,0x00000000d5580000,0x00000000d5880000)
  from space 2048K, 100% used [0x00000000d5880000,0x00000000d5a80000,0x00000000d5a80000)
  to   space 5120K, 0% used [0x00000000d5e80000,0x00000000d5e80000,0x00000000d6380000)
 ParOldGen       total 1201152K, used 1201057K [0x0000000080000000, 0x00000000c9500000, 0x00000000d5580000)
  object space 1201152K, 99% used [0x0000000080000000,0x00000000c94e8410,0x00000000c9500000)
 Metaspace       used 96249K, committed 97856K, reserved 1179648K
  class space    used 9346K, committed 10112K, reserved 1048576K
}
Event: 34153.812 GC heap before
{Heap before GC invocations=18843 (full 14):
 PSYoungGen      total 5120K, used 5120K [0x00000000d5580000, 0x00000000d6380000, 0x0000000100000000)
  eden space 3072K, 100% used [0x00000000d5580000,0x00000000d5880000,0x00000000d5880000)
  from space 2048K, 100% used [0x00000000d5880000,0x00000000d5a80000,0x00000000d5a80000)
  to   space 5120K, 0% used [0x00000000d5e80000,0x00000000d5e80000,0x00000000d6380000)
 ParOldGen       total 1201152K, used 1201057K [0x0000000080000000, 0x00000000c9500000, 0x00000000d5580000)
  object space 1201152K, 99% used [0x0000000080000000,0x00000000c94e8410,0x00000000c9500000)
 Metaspace       used 96249K, committed 97856K, reserved 1179648K
  class space    used 9346K, committed 10112K, reserved 1048576K
}
Event: 34153.815 GC heap after
{Heap after GC invocations=18843 (full 14):
 PSYoungGen      total 6656K, used 2384K [0x00000000d5580000, 0x00000000d6100000, 0x0000000100000000)
  eden space 4096K, 0% used [0x00000000d5580000,0x00000000d5580000,0x00000000d5980000)
  from space 2560K, 93% used [0x00000000d5e80000,0x00000000d60d42f0,0x00000000d6100000)
  to   space 3584K, 0% used [0x00000000d5a00000,0x00000000d5a00000,0x00000000d5d80000)
 ParOldGen       total 1203200K, used 1203121K [0x0000000080000000, 0x00000000c9700000, 0x00000000d5580000)
  object space 1203200K, 99% used [0x0000000080000000,0x00000000c96ec410,0x00000000c9700000)
 Metaspace       used 96249K, committed 97856K, reserved 1179648K
  class space    used 9346K, committed 10112K, reserved 1048576K
}
Event: 34154.523 GC heap before
{Heap before GC invocations=18844 (full 14):
 PSYoungGen      total 6656K, used 6480K [0x00000000d5580000, 0x00000000d6100000, 0x0000000100000000)
  eden space 4096K, 100% used [0x00000000d5580000,0x00000000d5980000,0x00000000d5980000)
  from space 2560K, 93% used [0x00000000d5e80000,0x00000000d60d42f0,0x00000000d6100000)
  to   space 3584K, 0% used [0x00000000d5a00000,0x00000000d5a00000,0x00000000d5d80000)
 ParOldGen       total 1203200K, used 1203121K [0x0000000080000000, 0x00000000c9700000, 0x00000000d5580000)
  object space 1203200K, 99% used [0x0000000080000000,0x00000000c96ec410,0x00000000c9700000)
 Metaspace       used 96249K, committed 97856K, reserved 1179648K
  class space    used 9346K, committed 10112K, reserved 1048576K
}
Event: 34154.525 GC heap after
{Heap after GC invocations=18844 (full 14):
 PSYoungGen      total 6656K, used 1904K [0x00000000d5580000, 0x00000000d5f80000, 0x0000000100000000)
  eden space 4608K, 0% used [0x00000000d5580000,0x00000000d5580000,0x00000000d5a00000)
  from space 2048K, 93% used [0x00000000d5a00000,0x00000000d5bdc2f0,0x00000000d5c00000)
  to   space 2560K, 0% used [0x00000000d5d00000,0x00000000d5d00000,0x00000000d5f80000)
 ParOldGen       total 1203200K, used 1203161K [0x0000000080000000, 0x00000000c9700000, 0x00000000d5580000)
  object space 1203200K, 99% used [0x0000000080000000,0x00000000c96f6410,0x00000000c9700000)
 Metaspace       used 96249K, committed 97856K, reserved 1179648K
  class space    used 9346K, committed 10112K, reserved 1048576K
}
Event: 34154.531 GC heap before
{Heap before GC invocations=18845 (full 14):
 PSYoungGen      total 6656K, used 6512K [0x00000000d5580000, 0x00000000d5f80000, 0x0000000100000000)
  eden space 4608K, 100% used [0x00000000d5580000,0x00000000d5a00000,0x00000000d5a00000)
  from space 2048K, 93% used [0x00000000d5a00000,0x00000000d5bdc2f0,0x00000000d5c00000)
  to   space 2560K, 0% used [0x00000000d5d00000,0x00000000d5d00000,0x00000000d5f80000)
 ParOldGen       total 1203200K, used 1203161K [0x0000000080000000, 0x00000000c9700000, 0x00000000d5580000)
  object space 1203200K, 99% used [0x0000000080000000,0x00000000c96f6410,0x00000000c9700000)
 Metaspace       used 96249K, committed 97856K, reserved 1179648K
  class space    used 9346K, committed 10112K, reserved 1048576K
}
Event: 34154.534 GC heap after
{Heap after GC invocations=18845 (full 14):
 PSYoungGen      total 7168K, used 2544K [0x00000000d5580000, 0x00000000d6100000, 0x0000000100000000)
  eden space 4608K, 0% used [0x00000000d5580000,0x00000000d5580000,0x00000000d5a00000)
  from space 2560K, 99% used [0x00000000d5d00000,0x00000000d5f7c2f0,0x00000000d5f80000)
  to   space 3072K, 0% used [0x00000000d5a00000,0x00000000d5a00000,0x00000000d5d00000)
 ParOldGen       total 1203712K, used 1203292K [0x0000000080000000, 0x00000000c9780000, 0x00000000d5580000)
  object space 1203712K, 99% used [0x0000000080000000,0x00000000c97173e8,0x00000000c9780000)
 Metaspace       used 96249K, committed 97856K, reserved 1179648K
  class space    used 9346K, committed 10112K, reserved 1048576K
}
Event: 34154.544 GC heap before
{Heap before GC invocations=18846 (full 14):
 PSYoungGen      total 7168K, used 7152K [0x00000000d5580000, 0x00000000d6100000, 0x0000000100000000)
  eden space 4608K, 100% used [0x00000000d5580000,0x00000000d5a00000,0x00000000d5a00000)
  from space 2560K, 99% used [0x00000000d5d00000,0x00000000d5f7c2f0,0x00000000d5f80000)
  to   space 3072K, 0% used [0x00000000d5a00000,0x00000000d5a00000,0x00000000d5d00000)
 ParOldGen       total 1203712K, used 1203292K [0x0000000080000000, 0x00000000c9780000, 0x00000000d5580000)
  object space 1203712K, 99% used [0x0000000080000000,0x00000000c97173e8,0x00000000c9780000)
 Metaspace       used 96249K, committed 97856K, reserved 1179648K
  class space    used 9346K, committed 10112K, reserved 1048576K
}
Event: 34154.547 GC heap after
{Heap after GC invocations=18846 (full 14):
 PSYoungGen      total 7680K, used 2672K [0x00000000d5580000, 0x00000000d6100000, 0x0000000100000000)
  eden space 4608K, 0% used [0x00000000d5580000,0x00000000d5580000,0x00000000d5a00000)
  from space 3072K, 87% used [0x00000000d5a00000,0x00000000d5c9c2f0,0x00000000d5d00000)
  to   space 3072K, 0% used [0x00000000d5e00000,0x00000000d5e00000,0x00000000d6100000)
 ParOldGen       total 1203712K, used 1203316K [0x0000000080000000, 0x00000000c9780000, 0x00000000d5580000)
  object space 1203712K, 99% used [0x0000000080000000,0x00000000c971d3e8,0x00000000c9780000)
 Metaspace       used 96249K, committed 97856K, reserved 1179648K
  class space    used 9346K, committed 10112K, reserved 1048576K
}
Event: 34154.554 GC heap before
{Heap before GC invocations=18847 (full 14):
 PSYoungGen      total 7680K, used 7280K [0x00000000d5580000, 0x00000000d6100000, 0x0000000100000000)
  eden space 4608K, 99% used [0x00000000d5580000,0x00000000d59fffe0,0x00000000d5a00000)
  from space 3072K, 87% used [0x00000000d5a00000,0x00000000d5c9c2f0,0x00000000d5d00000)
  to   space 3072K, 0% used [0x00000000d5e00000,0x00000000d5e00000,0x00000000d6100000)
 ParOldGen       total 1203712K, used 1203316K [0x0000000080000000, 0x00000000c9780000, 0x00000000d5580000)
  object space 1203712K, 99% used [0x0000000080000000,0x00000000c971d3e8,0x00000000c9780000)
 Metaspace       used 96249K, committed 97856K, reserved 1179648K
  class space    used 9346K, committed 10112K, reserved 1048576K
}
Event: 34154.557 GC heap after
{Heap after GC invocations=18847 (full 14):
 PSYoungGen      total 7680K, used 3056K [0x00000000d5580000, 0x00000000d6300000, 0x0000000100000000)
  eden space 4608K, 0% used [0x00000000d5580000,0x00000000d5580000,0x00000000d5a00000)
  from space 3072K, 99% used [0x00000000d5e00000,0x00000000d60fc2f0,0x00000000d6100000)
  to   space 4096K, 0% used [0x00000000d5a00000,0x00000000d5a00000,0x00000000d5e00000)
 ParOldGen       total 1204224K, used 1203740K [0x0000000080000000, 0x00000000c9800000, 0x00000000d5580000)
  object space 1204224K, 99% used [0x0000000080000000,0x00000000c9787398,0x00000000c9800000)
 Metaspace       used 96249K, committed 97856K, reserved 1179648K
  class space    used 9346K, committed 10112K, reserved 1048576K
}

Dll operation events (12 events):
Event: 0.008 Loaded shared library c:\Users\computer\.vscode\extensions\redhat.java-1.44.0-win32-x64\jre\21.0.8-win32-x86_64\bin\java.dll
Event: 0.060 Loaded shared library c:\Users\computer\.vscode\extensions\redhat.java-1.44.0-win32-x64\jre\21.0.8-win32-x86_64\bin\zip.dll
Event: 0.074 Loaded shared library C:\Users\computer\.vscode\extensions\redhat.java-1.44.0-win32-x64\jre\21.0.8-win32-x86_64\bin\instrument.dll
Event: 0.077 Loaded shared library C:\Users\computer\.vscode\extensions\redhat.java-1.44.0-win32-x64\jre\21.0.8-win32-x86_64\bin\net.dll
Event: 0.079 Loaded shared library C:\Users\computer\.vscode\extensions\redhat.java-1.44.0-win32-x64\jre\21.0.8-win32-x86_64\bin\nio.dll
Event: 0.081 Loaded shared library C:\Users\computer\.vscode\extensions\redhat.java-1.44.0-win32-x64\jre\21.0.8-win32-x86_64\bin\zip.dll
Event: 0.095 Loaded shared library C:\Users\computer\.vscode\extensions\redhat.java-1.44.0-win32-x64\jre\21.0.8-win32-x86_64\bin\jimage.dll
Event: 0.174 Loaded shared library c:\Users\computer\.vscode\extensions\redhat.java-1.44.0-win32-x64\jre\21.0.8-win32-x86_64\bin\verify.dll
Event: 6.444 Loaded shared library C:\Users\computer\AppData\Roaming\Code\User\globalStorage\redhat.java\1.44.0\config_win\org.eclipse.equinox.launcher\org.eclipse.equinox.launcher.win32.win32.x86_64_1.2.1400.v20250730-1736\eclipse_11913.dll
Event: 16.036 Loaded shared library C:\Users\computer\AppData\Local\Temp\jna--599163109\jna7549772528380701456.dll
Event: 33.041 Loaded shared library C:\Users\computer\.vscode\extensions\redhat.java-1.44.0-win32-x64\jre\21.0.8-win32-x86_64\bin\sunmscapi.dll
Event: 1567.824 Loaded shared library C:\Users\computer\.vscode\extensions\redhat.java-1.44.0-win32-x64\jre\21.0.8-win32-x86_64\bin\extnet.dll

Deoptimization events (20 events):
Event: 34133.094 Thread 0x00000219c1f98350 DEOPT PACKING pc=0x00000219e0d45b8c sp=0x0000006b5e7fdef0
Event: 34133.094 Thread 0x00000219c1f98350 DEOPT UNPACKING pc=0x00000219ded66da2 sp=0x0000006b5e7fde60 mode 2
Event: 34133.105 Thread 0x00000219c1f98350 Uncommon trap: trap_request=0xffffffde fr.pc=0x00000219e027ab54 relative=0x0000000000000994
Event: 34133.105 Thread 0x00000219c1f98350 Uncommon trap: reason=class_check action=maybe_recompile pc=0x00000219e027ab54 method=org.eclipse.jdt.internal.compiler.parser.Parser.consumeBlock()V @ 187 c2
Event: 34133.105 Thread 0x00000219c1f98350 DEOPT PACKING pc=0x00000219e027ab54 sp=0x0000006b5e7fe520
Event: 34133.105 Thread 0x00000219c1f98350 DEOPT UNPACKING pc=0x00000219ded66da2 sp=0x0000006b5e7fe4e8 mode 2
Event: 34143.726 Thread 0x00000219f18cbfd0 Uncommon trap: trap_request=0xffffff45 fr.pc=0x00000219df636988 relative=0x0000000000000208
Event: 34143.726 Thread 0x00000219f18cbfd0 Uncommon trap: reason=unstable_if action=reinterpret pc=0x00000219df636988 method=org.eclipse.jdt.internal.codeassist.select.SelectionParser.resumeAfterRecovery()I @ 47 c2
Event: 34143.726 Thread 0x00000219f18cbfd0 DEOPT PACKING pc=0x00000219df636988 sp=0x0000006b60ffec60
Event: 34143.726 Thread 0x00000219f18cbfd0 DEOPT UNPACKING pc=0x00000219ded66da2 sp=0x0000006b60ffebf0 mode 2
Event: 34143.726 Thread 0x00000219f18cbfd0 Uncommon trap: trap_request=0xffffffde fr.pc=0x00000219e027ab54 relative=0x0000000000000994
Event: 34143.726 Thread 0x00000219f18cbfd0 Uncommon trap: reason=class_check action=maybe_recompile pc=0x00000219e027ab54 method=org.eclipse.jdt.internal.compiler.parser.Parser.consumeBlock()V @ 187 c2
Event: 34143.726 Thread 0x00000219f18cbfd0 DEOPT PACKING pc=0x00000219e027ab54 sp=0x0000006b60ffeba0
Event: 34143.726 Thread 0x00000219f18cbfd0 DEOPT UNPACKING pc=0x00000219ded66da2 sp=0x0000006b60ffeb68 mode 2
Event: 34143.766 Thread 0x00000219f18cbfd0 Uncommon trap: trap_request=0xffffffde fr.pc=0x00000219e027ab54 relative=0x0000000000000994
Event: 34143.766 Thread 0x00000219f18cbfd0 Uncommon trap: reason=class_check action=maybe_recompile pc=0x00000219e027ab54 method=org.eclipse.jdt.internal.compiler.parser.Parser.consumeBlock()V @ 187 c2
Event: 34143.766 Thread 0x00000219f18cbfd0 DEOPT PACKING pc=0x00000219e027ab54 sp=0x0000006b60ffecb0
Event: 34143.766 Thread 0x00000219f18cbfd0 DEOPT UNPACKING pc=0x00000219ded66da2 sp=0x0000006b60ffec78 mode 2
Event: 34148.240 Thread 0x00000219f18cbfd0 DEOPT PACKING pc=0x00000219d8fd7f4a sp=0x0000006b60ffeb90
Event: 34148.240 Thread 0x00000219f18cbfd0 DEOPT UNPACKING pc=0x00000219ded678e2 sp=0x0000006b60ffdfe8 mode 0

Classes loaded (20 events):
Event: 3834.214 Loading class sun/security/ssl/PreSharedKeyExtension$PartialClientHelloMessage
Event: 3834.217 Loading class sun/security/ssl/PreSharedKeyExtension$PartialClientHelloMessage done
Event: 3834.217 Loading class sun/security/ssl/SSLEngineOutputRecord
Event: 3834.224 Loading class sun/security/ssl/SSLEngineOutputRecord done
Event: 3834.224 Loading class sun/security/ssl/SSLEngineOutputRecord$HandshakeFragment
Event: 3834.224 Loading class sun/security/ssl/SSLEngineOutputRecord$HandshakeFragment done
Event: 3834.224 Loading class sun/security/ssl/SSLEngineOutputRecord$HandshakeMemo
Event: 3834.224 Loading class sun/security/ssl/SSLEngineOutputRecord$RecordMemo
Event: 3834.224 Loading class sun/security/ssl/SSLEngineOutputRecord$RecordMemo done
Event: 3834.224 Loading class sun/security/ssl/SSLEngineOutputRecord$HandshakeMemo done
Event: 3834.231 Loading class sun/security/ssl/PreSharedKeyExtension$SHPreSharedKeySpec
Event: 3834.231 Loading class sun/security/ssl/PreSharedKeyExtension$SHPreSharedKeySpec done
Event: 3839.753 Loading class sun/net/ConnectionResetException
Event: 3839.754 Loading class sun/net/ConnectionResetException done
Event: 3910.735 Loading class jdk/internal/icu/text/NormalizerBase$NFCModeImpl
Event: 3910.735 Loading class jdk/internal/icu/text/NormalizerBase$NFCModeImpl done
Event: 3910.735 Loading class jdk/internal/icu/impl/Norm2AllModes$NFCSingleton
Event: 3910.736 Loading class jdk/internal/icu/impl/Norm2AllModes$NFCSingleton done
Event: 31107.052 Loading class java/util/DualPivotQuicksort$Sorter
Event: 31107.059 Loading class java/util/DualPivotQuicksort$Sorter done

Classes unloaded (20 events):
Event: 29154.898 Thread 0x00000219eb053bb0 Unloading class 0x00000219819a0c00 'jdk/internal/reflect/GeneratedSerializationConstructorAccessor5'
Event: 29154.898 Thread 0x00000219eb053bb0 Unloading class 0x000002198184c800 'jdk/internal/reflect/GeneratedSerializationConstructorAccessor4'
Event: 32180.239 Thread 0x00000219eb053bb0 Unloading class 0x00000219819d0000 'java/lang/invoke/LambdaForm$MH+0x00000219819d0000'
Event: 32180.239 Thread 0x00000219eb053bb0 Unloading class 0x00000219819cdc00 'java/lang/invoke/LambdaForm$MH+0x00000219819cdc00'
Event: 32180.239 Thread 0x00000219eb053bb0 Unloading class 0x00000219819cd800 'java/lang/invoke/LambdaForm$MH+0x00000219819cd800'
Event: 32180.239 Thread 0x00000219eb053bb0 Unloading class 0x00000219819cd000 'java/lang/invoke/LambdaForm$MH+0x00000219819cd000'
Event: 32180.239 Thread 0x00000219eb053bb0 Unloading class 0x00000219819ccc00 'java/lang/invoke/LambdaForm$MH+0x00000219819ccc00'
Event: 32180.240 Thread 0x00000219eb053bb0 Unloading class 0x0000021981017400 'java/lang/invoke/LambdaForm$MH+0x0000021981017400'
Event: 32180.240 Thread 0x00000219eb053bb0 Unloading class 0x0000021981016400 'java/lang/invoke/LambdaForm$MH+0x0000021981016400'
Event: 32180.240 Thread 0x00000219eb053bb0 Unloading class 0x00000219819c6800 'java/lang/invoke/LambdaForm$MH+0x00000219819c6800'
Event: 32180.240 Thread 0x00000219eb053bb0 Unloading class 0x00000219819c6400 'java/lang/invoke/LambdaForm$MH+0x00000219819c6400'
Event: 32180.240 Thread 0x00000219eb053bb0 Unloading class 0x00000219819c6000 'java/lang/invoke/LambdaForm$MH+0x00000219819c6000'
Event: 32180.240 Thread 0x00000219eb053bb0 Unloading class 0x00000219819c5800 'java/lang/invoke/LambdaForm$MH+0x00000219819c5800'
Event: 32180.240 Thread 0x00000219eb053bb0 Unloading class 0x00000219819c5400 'java/lang/invoke/LambdaForm$MH+0x00000219819c5400'
Event: 32180.240 Thread 0x00000219eb053bb0 Unloading class 0x0000021981080000 'java/lang/invoke/LambdaForm$DMH+0x0000021981080000'
Event: 32180.240 Thread 0x00000219eb053bb0 Unloading class 0x0000021981173c00 'java/lang/invoke/LambdaForm$DMH+0x0000021981173c00'
Event: 32180.240 Thread 0x00000219eb053bb0 Unloading class 0x0000021981173800 'java/lang/invoke/LambdaForm$DMH+0x0000021981173800'
Event: 32180.240 Thread 0x00000219eb053bb0 Unloading class 0x0000021981205400 'java/lang/invoke/LambdaForm$DMH+0x0000021981205400'
Event: 32180.240 Thread 0x00000219eb053bb0 Unloading class 0x0000021981205000 'java/lang/invoke/LambdaForm$DMH+0x0000021981205000'
Event: 32180.240 Thread 0x00000219eb053bb0 Unloading class 0x00000219817a6400 'java/lang/invoke/LambdaForm$DMH+0x00000219817a6400'

Classes redefined (0 events):
No events

Internal exceptions (20 events):
Event: 34008.240 Thread 0x00000219f16e11c0 Exception <a 'sun/nio/fs/WindowsException'{0x00000000d56ee888}> (0x00000000d56ee888) 
thrown [s\src\hotspot\share\prims\jni.cpp, line 520]
Event: 34008.289 Thread 0x00000219f16e11c0 Exception <a 'sun/nio/fs/WindowsException'{0x00000000d579a5c0}> (0x00000000d579a5c0) 
thrown [s\src\hotspot\share\prims\jni.cpp, line 520]
Event: 34011.097 Thread 0x00000219f16e11c0 Exception <a 'sun/nio/fs/WindowsException'{0x00000000d581be08}> (0x00000000d581be08) 
thrown [s\src\hotspot\share\prims\jni.cpp, line 520]
Event: 34011.146 Thread 0x00000219f16e11c0 Exception <a 'sun/nio/fs/WindowsException'{0x00000000d5704bc0}> (0x00000000d5704bc0) 
thrown [s\src\hotspot\share\prims\jni.cpp, line 520]
Event: 34014.907 Thread 0x00000219f16e11c0 Exception <a 'sun/nio/fs/WindowsException'{0x00000000d5732a90}> (0x00000000d5732a90) 
thrown [s\src\hotspot\share\prims\jni.cpp, line 520]
Event: 34014.960 Thread 0x00000219f16e11c0 Exception <a 'sun/nio/fs/WindowsException'{0x00000000d586f0f8}> (0x00000000d586f0f8) 
thrown [s\src\hotspot\share\prims\jni.cpp, line 520]
Event: 34024.315 Thread 0x00000219f16e11c0 Exception <a 'sun/nio/fs/WindowsException'{0x00000000d5610230}> (0x00000000d5610230) 
thrown [s\src\hotspot\share\prims\jni.cpp, line 520]
Event: 34024.377 Thread 0x00000219f16e11c0 Exception <a 'sun/nio/fs/WindowsException'{0x00000000d565fd88}> (0x00000000d565fd88) 
thrown [s\src\hotspot\share\prims\jni.cpp, line 520]
Event: 34027.921 Thread 0x00000219f16e11c0 Exception <a 'sun/nio/fs/WindowsException'{0x00000000d5587fc0}> (0x00000000d5587fc0) 
thrown [s\src\hotspot\share\prims\jni.cpp, line 520]
Event: 34027.987 Thread 0x00000219f16e11c0 Exception <a 'sun/nio/fs/WindowsException'{0x00000000d5611288}> (0x00000000d5611288) 
thrown [s\src\hotspot\share\prims\jni.cpp, line 520]
Event: 34031.272 Thread 0x00000219f16e11c0 Exception <a 'sun/nio/fs/WindowsException'{0x00000000d5831300}> (0x00000000d5831300) 
thrown [s\src\hotspot\share\prims\jni.cpp, line 520]
Event: 34031.326 Thread 0x00000219f16e11c0 Exception <a 'sun/nio/fs/WindowsException'{0x00000000d574caf8}> (0x00000000d574caf8) 
thrown [s\src\hotspot\share\prims\jni.cpp, line 520]
Event: 34057.648 Thread 0x00000219f16e11c0 Exception <a 'sun/nio/fs/WindowsException'{0x00000000d5811fb0}> (0x00000000d5811fb0) 
thrown [s\src\hotspot\share\prims\jni.cpp, line 520]
Event: 34057.709 Thread 0x00000219f16e11c0 Exception <a 'sun/nio/fs/WindowsException'{0x00000000d56ebca0}> (0x00000000d56ebca0) 
thrown [s\src\hotspot\share\prims\jni.cpp, line 520]
Event: 34059.819 Thread 0x00000219f16e11c0 Exception <a 'sun/nio/fs/WindowsException'{0x00000000d57f87a8}> (0x00000000d57f87a8) 
thrown [s\src\hotspot\share\prims\jni.cpp, line 520]
Event: 34059.883 Thread 0x00000219f16e11c0 Exception <a 'sun/nio/fs/WindowsException'{0x00000000d5735078}> (0x00000000d5735078) 
thrown [s\src\hotspot\share\prims\jni.cpp, line 520]
Event: 34062.449 Thread 0x00000219f16e11c0 Exception <a 'sun/nio/fs/WindowsException'{0x00000000d561b628}> (0x00000000d561b628) 
thrown [s\src\hotspot\share\prims\jni.cpp, line 520]
Event: 34062.513 Thread 0x00000219f16e11c0 Exception <a 'sun/nio/fs/WindowsException'{0x00000000d55e7938}> (0x00000000d55e7938) 
thrown [s\src\hotspot\share\prims\jni.cpp, line 520]
Event: 34133.409 Thread 0x00000219f16e11c0 Exception <a 'sun/nio/fs/WindowsException'{0x00000000d588ada8}> (0x00000000d588ada8) 
thrown [s\src\hotspot\share\prims\jni.cpp, line 520]
Event: 34133.476 Thread 0x00000219f16e11c0 Exception <a 'sun/nio/fs/WindowsException'{0x00000000d56cc7e8}> (0x00000000d56cc7e8) 
thrown [s\src\hotspot\share\prims\jni.cpp, line 520]

ZGC Phase Switch (0 events):
No events

VM Operations (20 events):
Event: 34153.774 Executing VM operation: ParallelGCFailedAllocation (Allocation Failure)
Event: 34153.776 Executing VM operation: ParallelGCFailedAllocation (Allocation Failure) done
Event: 34153.778 Executing VM operation: ParallelGCFailedAllocation (Allocation Failure)
Event: 34153.780 Executing VM operation: ParallelGCFailedAllocation (Allocation Failure) done
Event: 34153.785 Executing VM operation: ParallelGCFailedAllocation (Allocation Failure)
Event: 34153.788 Executing VM operation: ParallelGCFailedAllocation (Allocation Failure) done
Event: 34153.792 Executing VM operation: ParallelGCFailedAllocation (Allocation Failure)
Event: 34153.795 Executing VM operation: ParallelGCFailedAllocation (Allocation Failure) done
Event: 34153.799 Executing VM operation: ParallelGCFailedAllocation (Allocation Failure)
Event: 34153.802 Executing VM operation: ParallelGCFailedAllocation (Allocation Failure) done
Event: 34153.812 Executing VM operation: ParallelGCFailedAllocation (Allocation Failure)
Event: 34153.815 Executing VM operation: ParallelGCFailedAllocation (Allocation Failure) done
Event: 34154.523 Executing VM operation: ParallelGCFailedAllocation (Allocation Failure)
Event: 34154.525 Executing VM operation: ParallelGCFailedAllocation (Allocation Failure) done
Event: 34154.531 Executing VM operation: ParallelGCFailedAllocation (Allocation Failure)
Event: 34154.534 Executing VM operation: ParallelGCFailedAllocation (Allocation Failure) done
Event: 34154.544 Executing VM operation: ParallelGCFailedAllocation (Allocation Failure)
Event: 34154.547 Executing VM operation: ParallelGCFailedAllocation (Allocation Failure) done
Event: 34154.554 Executing VM operation: ParallelGCFailedAllocation (Allocation Failure)
Event: 34154.557 Executing VM operation: ParallelGCFailedAllocation (Allocation Failure) done

Memory protections (0 events):
No events

Nmethod flushes (20 events):
Event: 33616.921 Thread 0x00000219eb053bb0 flushing  nmethod 0x00000219daa2a010
Event: 33616.921 Thread 0x00000219eb053bb0 flushing  nmethod 0x00000219daa2b390
Event: 33616.921 Thread 0x00000219eb053bb0 flushing  nmethod 0x00000219daa2c710
Event: 33616.921 Thread 0x00000219eb053bb0 flushing  nmethod 0x00000219daa2da90
Event: 33616.921 Thread 0x00000219eb053bb0 flushing  nmethod 0x00000219daa2ee10
Event: 33616.921 Thread 0x00000219eb053bb0 flushing  nmethod 0x00000219daa2fd90
Event: 33616.921 Thread 0x00000219eb053bb0 flushing  nmethod 0x00000219daa30d10
Event: 33616.921 Thread 0x00000219eb053bb0 flushing  nmethod 0x00000219daa32090
Event: 33616.921 Thread 0x00000219eb053bb0 flushing  nmethod 0x00000219daa33010
Event: 33616.921 Thread 0x00000219eb053bb0 flushing  nmethod 0x00000219daa53390
Event: 33616.921 Thread 0x00000219eb053bb0 flushing  nmethod 0x00000219daa5ad10
Event: 33616.921 Thread 0x00000219eb053bb0 flushing  nmethod 0x00000219daa65590
Event: 33616.921 Thread 0x00000219eb053bb0 flushing osr nmethod 0x00000219daa67190
Event: 33616.921 Thread 0x00000219eb053bb0 flushing  nmethod 0x00000219daa6dd10
Event: 33616.921 Thread 0x00000219eb053bb0 flushing  nmethod 0x00000219daa6eb10
Event: 33616.921 Thread 0x00000219eb053bb0 flushing  nmethod 0x00000219daa77a10
Event: 33616.921 Thread 0x00000219eb053bb0 flushing  nmethod 0x00000219daa8ac10
Event: 33616.921 Thread 0x00000219eb053bb0 flushing  nmethod 0x00000219daae8390
Event: 33616.921 Thread 0x00000219eb053bb0 flushing  nmethod 0x00000219dab06490
Event: 33616.921 Thread 0x00000219eb053bb0 flushing  nmethod 0x00000219dab2ed90

Events (20 events):
Event: 33698.489 Thread 0x00000219fe929620 Thread added: 0x00000219c1f9b7d0
Event: 33788.240 Thread 0x00000219c1f97630 Thread exited: 0x00000219c1f97630
Event: 33788.256 Thread 0x00000219c1f98350 Thread exited: 0x00000219c1f98350
Event: 33810.703 Thread 0x00000219f47eec90 Thread exited: 0x00000219f47eec90
Event: 33870.708 Thread 0x00000219f18ca590 Thread exited: 0x00000219f18ca590
Event: 33883.408 Thread 0x00000219fe929620 Thread added: 0x00000219c1f97630
Event: 33883.408 Thread 0x00000219c1f97630 Thread exited: 0x00000219c1f97630
Event: 33915.717 Thread 0x00000219f47f1a80 Thread added: 0x00000219c1f98350
Event: 33916.147 Thread 0x00000219f47f3b50 Thread added: 0x00000219c1f97630
Event: 33916.203 Thread 0x00000219f47f3b50 Thread added: 0x00000219f18cd380
Event: 33916.205 Thread 0x00000219eb072f60 Thread added: 0x00000219f54136c0
Event: 33916.205 Thread 0x00000219eb072f60 Thread added: 0x00000219f504e940
Event: 33916.206 Thread 0x00000219c1f97630 Thread added: 0x00000219f18cc660
Event: 33916.579 Thread 0x00000219f504e940 Thread exited: 0x00000219f504e940
Event: 33916.646 Thread 0x00000219f54136c0 Thread exited: 0x00000219f54136c0
Event: 33916.750 Thread 0x00000219eb072f60 Thread added: 0x00000219f504f6e0
Event: 33917.038 Thread 0x00000219f504f6e0 Thread exited: 0x00000219f504f6e0
Event: 33956.608 Thread 0x00000219fe929620 Thread added: 0x00000219f18cccf0
Event: 34122.537 Thread 0x00000219f18cd380 Thread exited: 0x00000219f18cd380
Event: 34133.505 Thread 0x00000219f18cc660 Thread added: 0x00000219f18cb940


Dynamic libraries:
0x00007ff6c9cf0000 - 0x00007ff6c9cfe000 	c:\Users\computer\.vscode\extensions\redhat.java-1.44.0-win32-x64\jre\21.0.8-win32-x86_64\bin\java.exe
0x00007ff9a06c0000 - 0x00007ff9a0927000 	C:\WINDOWS\SYSTEM32\ntdll.dll
0x00007ff99fc40000 - 0x00007ff99fd09000 	C:\WINDOWS\System32\KERNEL32.DLL
0x00007ff99de40000 - 0x00007ff99e230000 	C:\WINDOWS\System32\KERNELBASE.dll
0x00007ff99e300000 - 0x00007ff99e44b000 	C:\WINDOWS\System32\ucrtbase.dll
0x00007ff995a10000 - 0x00007ff995a2e000 	c:\Users\computer\.vscode\extensions\redhat.java-1.44.0-win32-x64\jre\21.0.8-win32-x86_64\bin\VCRUNTIME140.dll
0x00007ff9976e0000 - 0x00007ff9976f8000 	c:\Users\computer\.vscode\extensions\redhat.java-1.44.0-win32-x64\jre\21.0.8-win32-x86_64\bin\jli.dll
0x00007ff99fdd0000 - 0x00007ff99ff95000 	C:\WINDOWS\System32\USER32.dll
0x00007ff99d7f0000 - 0x00007ff99d817000 	C:\WINDOWS\System32\win32u.dll
0x00007ff99eab0000 - 0x00007ff99eadb000 	C:\WINDOWS\System32\GDI32.dll
0x00007ff99d970000 - 0x00007ff99daa8000 	C:\WINDOWS\System32\gdi32full.dll
0x00007ff99d8c0000 - 0x00007ff99d963000 	C:\WINDOWS\System32\msvcp_win.dll
0x00007ff979090000 - 0x00007ff97932a000 	C:\WINDOWS\WinSxS\amd64_microsoft.windows.common-controls_6595b64144ccf1df_6.0.26100.4768_none_3e0c112ce331287c\COMCTL32.dll
0x00007ff99fb90000 - 0x00007ff99fc39000 	C:\WINDOWS\System32\msvcrt.dll
0x00007ff99ea70000 - 0x00007ff99ea9f000 	C:\WINDOWS\System32\IMM32.DLL
0x00007ff995a00000 - 0x00007ff995a0c000 	c:\Users\computer\.vscode\extensions\redhat.java-1.44.0-win32-x64\jre\21.0.8-win32-x86_64\bin\vcruntime140_1.dll
0x00007ff968cc0000 - 0x00007ff968d4d000 	c:\Users\computer\.vscode\extensions\redhat.java-1.44.0-win32-x64\jre\21.0.8-win32-x86_64\bin\msvcp140.dll
0x00007ff8b0600000 - 0x00007ff8b1397000 	c:\Users\computer\.vscode\extensions\redhat.java-1.44.0-win32-x64\jre\21.0.8-win32-x86_64\bin\server\jvm.dll
0x00007ff99fd10000 - 0x00007ff99fdc4000 	C:\WINDOWS\System32\ADVAPI32.dll
0x00007ff9a05d0000 - 0x00007ff9a0676000 	C:\WINDOWS\System32\sechost.dll
0x00007ff99f2b0000 - 0x00007ff99f3c8000 	C:\WINDOWS\System32\RPCRT4.dll
0x00007ff99f230000 - 0x00007ff99f2a4000 	C:\WINDOWS\System32\WS2_32.dll
0x00007ff99d650000 - 0x00007ff99d6ae000 	C:\WINDOWS\SYSTEM32\POWRPROF.dll
0x00007ff992af0000 - 0x00007ff992b25000 	C:\WINDOWS\SYSTEM32\WINMM.dll
0x00007ff98a6d0000 - 0x00007ff98a6db000 	C:\WINDOWS\SYSTEM32\VERSION.dll
0x00007ff99d630000 - 0x00007ff99d644000 	C:\WINDOWS\SYSTEM32\UMPDC.dll
0x00007ff99c530000 - 0x00007ff99c54b000 	C:\WINDOWS\SYSTEM32\kernel.appcore.dll
0x00007ff97c320000 - 0x00007ff97c32a000 	c:\Users\computer\.vscode\extensions\redhat.java-1.44.0-win32-x64\jre\21.0.8-win32-x86_64\bin\jimage.dll
0x00007ff99ade0000 - 0x00007ff99b021000 	C:\WINDOWS\SYSTEM32\DBGHELP.DLL
0x00007ff99e5e0000 - 0x00007ff99e965000 	C:\WINDOWS\System32\combase.dll
0x00007ff99e980000 - 0x00007ff99ea60000 	C:\WINDOWS\System32\OLEAUT32.dll
0x00007ff981310000 - 0x00007ff981353000 	C:\WINDOWS\SYSTEM32\dbgcore.DLL
0x00007ff99d820000 - 0x00007ff99d8b9000 	C:\WINDOWS\System32\bcryptPrimitives.dll
0x00007ff97c310000 - 0x00007ff97c31f000 	c:\Users\computer\.vscode\extensions\redhat.java-1.44.0-win32-x64\jre\21.0.8-win32-x86_64\bin\instrument.dll
0x00007ff9696a0000 - 0x00007ff9696bf000 	c:\Users\computer\.vscode\extensions\redhat.java-1.44.0-win32-x64\jre\21.0.8-win32-x86_64\bin\java.dll
0x00007ff99eae0000 - 0x00007ff99f22d000 	C:\WINDOWS\System32\SHELL32.dll
0x00007ff99dcc0000 - 0x00007ff99de33000 	C:\WINDOWS\System32\wintypes.dll
0x00007ff99b390000 - 0x00007ff99bbef000 	C:\WINDOWS\SYSTEM32\windows.storage.dll
0x00007ff99e4b0000 - 0x00007ff99e5a5000 	C:\WINDOWS\System32\SHCORE.dll
0x00007ff9a0200000 - 0x00007ff9a026a000 	C:\WINDOWS\System32\shlwapi.dll
0x00007ff99d710000 - 0x00007ff99d739000 	C:\WINDOWS\SYSTEM32\profapi.dll
0x00007ff969680000 - 0x00007ff969698000 	c:\Users\computer\.vscode\extensions\redhat.java-1.44.0-win32-x64\jre\21.0.8-win32-x86_64\bin\zip.dll
0x00007ff969670000 - 0x00007ff969680000 	C:\Users\computer\.vscode\extensions\redhat.java-1.44.0-win32-x64\jre\21.0.8-win32-x86_64\bin\net.dll
0x00007ff993cd0000 - 0x00007ff993dee000 	C:\WINDOWS\SYSTEM32\WINHTTP.dll
0x00007ff99caa0000 - 0x00007ff99cb0b000 	C:\WINDOWS\system32\mswsock.dll
0x00007ff969250000 - 0x00007ff969266000 	C:\Users\computer\.vscode\extensions\redhat.java-1.44.0-win32-x64\jre\21.0.8-win32-x86_64\bin\nio.dll
0x00007ff969660000 - 0x00007ff969670000 	c:\Users\computer\.vscode\extensions\redhat.java-1.44.0-win32-x64\jre\21.0.8-win32-x86_64\bin\verify.dll
0x00007ff95f150000 - 0x00007ff95f195000 	C:\Users\computer\AppData\Roaming\Code\User\globalStorage\redhat.java\1.44.0\config_win\org.eclipse.equinox.launcher\org.eclipse.equinox.launcher.win32.win32.x86_64_1.2.1400.v20250730-1736\eclipse_11913.dll
0x00007ff99f9d0000 - 0x00007ff99fb70000 	C:\WINDOWS\System32\ole32.dll
0x00007ff99ce80000 - 0x00007ff99ce9b000 	C:\WINDOWS\SYSTEM32\CRYPTSP.dll
0x00007ff99c490000 - 0x00007ff99c4cb000 	C:\WINDOWS\system32\rsaenh.dll
0x00007ff99cb40000 - 0x00007ff99cb6b000 	C:\WINDOWS\SYSTEM32\USERENV.dll
0x00007ff99d6e0000 - 0x00007ff99d706000 	C:\WINDOWS\SYSTEM32\bcrypt.dll
0x00007ff99cce0000 - 0x00007ff99ccec000 	C:\WINDOWS\SYSTEM32\CRYPTBASE.dll
0x00007ff99bfd0000 - 0x00007ff99c003000 	C:\WINDOWS\SYSTEM32\IPHLPAPI.DLL
0x00007ff9a0570000 - 0x00007ff9a057a000 	C:\WINDOWS\System32\NSI.dll
0x00007ff936d90000 - 0x00007ff936dd9000 	C:\Users\computer\AppData\Local\Temp\jna--599163109\jna7549772528380701456.dll
0x00007ff99e970000 - 0x00007ff99e978000 	C:\WINDOWS\System32\PSAPI.DLL
0x00007ff994ab0000 - 0x00007ff994acf000 	C:\WINDOWS\SYSTEM32\dhcpcsvc6.DLL
0x00007ff9948b0000 - 0x00007ff9948d5000 	C:\WINDOWS\SYSTEM32\dhcpcsvc.DLL
0x00007ff98aa60000 - 0x00007ff98aa6e000 	C:\Users\computer\.vscode\extensions\redhat.java-1.44.0-win32-x64\jre\21.0.8-win32-x86_64\bin\sunmscapi.dll
0x00007ff99dab0000 - 0x00007ff99dc27000 	C:\WINDOWS\System32\CRYPT32.dll
0x00007ff99cfe0000 - 0x00007ff99d010000 	C:\WINDOWS\SYSTEM32\ncrypt.dll
0x00007ff99cf90000 - 0x00007ff99cfcf000 	C:\WINDOWS\SYSTEM32\NTASN1.dll
0x00007ff99c0c0000 - 0x00007ff99c1e6000 	C:\WINDOWS\SYSTEM32\DNSAPI.dll
0x00007ff9928f0000 - 0x00007ff9928fb000 	C:\Windows\System32\rasadhlp.dll
0x00007ff994d10000 - 0x00007ff994d96000 	C:\WINDOWS\System32\fwpuclnt.dll
0x00007ff98aa40000 - 0x00007ff98aa49000 	C:\Users\computer\.vscode\extensions\redhat.java-1.44.0-win32-x64\jre\21.0.8-win32-x86_64\bin\extnet.dll

JVMTI agents:
c:\Users\computer\.vscode\extensions\redhat.java-1.44.0-win32-x64\lombok\lombok-1.18.39-4050.jar path:c:\Users\computer\.vscode\extensions\redhat.java-1.44.0-win32-x64\jre\21.0.8-win32-x86_64\bin\instrument.dll, loaded, initialized, instrumentlib options:none

dbghelp: loaded successfully - version: 4.0.5 - missing functions: none
symbol engine: initialized successfully - sym options: 0x614 - pdb path: .;c:\Users\computer\.vscode\extensions\redhat.java-1.44.0-win32-x64\jre\21.0.8-win32-x86_64\bin;C:\WINDOWS\SYSTEM32;C:\WINDOWS\WinSxS\amd64_microsoft.windows.common-controls_6595b64144ccf1df_6.0.26100.4768_none_3e0c112ce331287c;c:\Users\computer\.vscode\extensions\redhat.java-1.44.0-win32-x64\jre\21.0.8-win32-x86_64\bin\server;C:\Users\computer\AppData\Roaming\Code\User\globalStorage\redhat.java\1.44.0\config_win\org.eclipse.equinox.launcher\org.eclipse.equinox.launcher.win32.win32.x86_64_1.2.1400.v20250730-1736;C:\Users\computer\AppData\Local\Temp\jna--599163109

VM Arguments:
jvm_args: --add-modules=ALL-SYSTEM --add-opens=java.base/java.util=ALL-UNNAMED --add-opens=java.base/java.lang=ALL-UNNAMED --add-opens=java.base/sun.nio.fs=ALL-UNNAMED -Declipse.application=org.eclipse.jdt.ls.core.id1 -Dosgi.bundles.defaultStartLevel=4 -Declipse.product=org.eclipse.jdt.ls.core.product -Djava.import.generatesMetadataFilesAtProjectRoot=false -DDetectVMInstallationsJob.disabled=true -Dfile.encoding=utf8 -XX:+UseParallelGC -XX:GCTimeRatio=4 -XX:AdaptiveSizePolicyWeight=90 -Dsun.zip.disableMemoryMapping=true -Xmx2G -Xms100m -Xlog:disable -javaagent:c:\Users\computer\.vscode\extensions\redhat.java-1.44.0-win32-x64\lombok\lombok-1.18.39-4050.jar -XX:+HeapDumpOnOutOfMemoryError -XX:HeapDumpPath=c:\Users\computer\AppData\Roaming\Code\User\workspaceStorage\7b93717b613e8bba744ae69654d18049\redhat.java -Daether.dependencyCollector.impl=bf 
java_command: c:\Users\computer\.vscode\extensions\redhat.java-1.44.0-win32-x64\server\plugins\org.eclipse.equinox.launcher_1.7.0.v20250519-0528.jar -configuration c:\Users\computer\AppData\Roaming\Code\User\globalStorage\redhat.java\1.44.0\config_win -data c:\Users\computer\AppData\Roaming\Code\User\workspaceStorage\7b93717b613e8bba744ae69654d18049\redhat.java\jdt_ws --pipe=\\.\pipe\lsp-42d79c2c00d9125bd294aa16129b5efa-sock
java_class_path (initial): c:\Users\computer\.vscode\extensions\redhat.java-1.44.0-win32-x64\server\plugins\org.eclipse.equinox.launcher_1.7.0.v20250519-0528.jar
Launcher Type: SUN_STANDARD

[Global flags]
    uintx AdaptiveSizePolicyWeight                 = 90                                        {product} {command line}
     intx CICompilerCount                          = 4                                         {product} {ergonomic}
    uintx GCTimeRatio                              = 4                                         {product} {command line}
     bool HeapDumpOnOutOfMemoryError               = true                                   {manageable} {command line}
    ccstr HeapDumpPath                             = c:\Users\computer\AppData\Roaming\Code\User\workspaceStorage\7b93717b613e8bba744ae69654d18049\redhat.java         {manageable} {command line}
   size_t InitialHeapSize                          = 104857600                                 {product} {command line}
   size_t MaxHeapSize                              = 2147483648                                {product} {command line}
   size_t MaxNewSize                               = 715653120                                 {product} {ergonomic}
   size_t MinHeapDeltaBytes                        = 524288                                    {product} {ergonomic}
   size_t MinHeapSize                              = 104857600                                 {product} {command line}
   size_t NewSize                                  = 34603008                                  {product} {ergonomic}
    uintx NonNMethodCodeHeapSize                   = 5839372                                {pd product} {ergonomic}
    uintx NonProfiledCodeHeapSize                  = 122909434                              {pd product} {ergonomic}
   size_t OldSize                                  = 70254592                                  {product} {ergonomic}
    uintx ProfiledCodeHeapSize                     = 122909434                              {pd product} {ergonomic}
    uintx ReservedCodeCacheSize                    = 251658240                              {pd product} {ergonomic}
     bool SegmentedCodeCache                       = true                                      {product} {ergonomic}
   size_t SoftMaxHeapSize                          = 2147483648                             {manageable} {ergonomic}
     bool UseCompressedOops                        = true                           {product lp64_product} {ergonomic}
     bool UseLargePagesIndividualAllocation        = false                                  {pd product} {ergonomic}
     bool UseParallelGC                            = true                                      {product} {command line}

Logging:
Log output configuration:
 #0: stdout all=off uptime,level,tags foldmultilines=false
 #1: stderr all=off uptime,level,tags foldmultilines=false

Environment Variables:
JAVA_HOME=D:\JDK
PATH=D:\SQLiteDatabaseBrowserPortable;C:\Python313\Scripts\;C:\Python313\;C:\MinGW64\bin;D:\JDK\bin;C:\Program Files\Common Files\Oracle\Java\javapath;C:\WINDOWS\system32;C:\WINDOWS;C:\WINDOWS\System32\Wbem;C:\WINDOWS\System32\WindowsPowerShell\v1.0\;C:\WINDOWS\System32\OpenSSH\;C:\Program Files\dotnet\;C:\Program Files (x86)\NVIDIA Corporation\PhysX\Common;C:\MinGW\bin;C:\Program Files\NVIDIA Corporation\NVIDIA app\NvDLISR;D:\Git\cmd;C:\ProgramData\chocolatey\bin;C:\Program Files (x86)\Microsoft SQL Server\160\Tools\Binn\;C:\Program Files\Microsoft SQL Server\160\Tools\Binn\;C:\Program Files\Microsoft SQL Server\Client SDK\ODBC\170\Tools\Binn\;C:\Program Files\Microsoft SQL Server\160\DTS\Binn\;C:\Program Files\Microsoft SQL Server\130\Tools\Binn\;C:\Users\computer\AppData\Local\nvm;C:\nvm4w\nodejs;C:\Program Files\nodejs\;C:\Users\computer\AppData\Roaming\npm;d:\cursor\resources\app\bin;D:\sqlite-tools-win-x64-3500300;;C:\Program Files\Docker\Docker\resources\bin;C:\Program Files\Cloudflare\Cloudflare WARP\;C:\Program Files\MySQL\MySQL Shell 8.0\bin\;C:\Users\computer\.cargo\bin;C:\Users\computer\AppData\Local\Microsoft\WindowsApps;D:\Microsoft VS Code\bin;C:\Users\computer\AppData\Local\Muse Hub\lib;C:\ProgramData\chocolatey\lib\mingw\tools\install\mingw64\bin;C:\Users\computer\AppData\Roaming\npm;C:\Users\computer\AppData\Local\nvm;C:\nvm4w\nodejs;D:\PyCharm 2025.1.2\bin;
USERNAME=computer
OS=Windows_NT
PROCESSOR_IDENTIFIER=Intel64 Family 6 Model 140 Stepping 1, GenuineIntel
TMP=C:\Users\computer\AppData\Local\Temp
TEMP=C:\Users\computer\AppData\Local\Temp




Periodic native trim disabled

---------------  S Y S T E M  ---------------

OS:
 Windows 11 , 64 bit Build 26100 (10.0.26100.4768)
OS uptime: 0 days 10:58 hours
Hyper-V role detected

CPU: total 8 (initial active 8) (4 cores per cpu, 2 threads per core) family 6 model 140 stepping 1 microcode 0xbc, cx8, cmov, fxsr, ht, mmx, 3dnowpref, sse, sse2, sse3, ssse3, sse4.1, sse4.2, popcnt, lzcnt, tsc, tscinvbit, avx, avx2, aes, erms, clmul, bmi1, bmi2, adx, avx512f, avx512dq, avx512cd, avx512bw, avx512vl, sha, fma, vzeroupper, avx512_vpopcntdq, avx512_vpclmulqdq, avx512_vaes, avx512_vnni, clflush, clflushopt, clwb, avx512_vbmi2, avx512_vbmi, hv, rdtscp, rdpid, fsrm, gfni, avx512_bitalg, f16c, cet_ibt, cet_ss, avx512_ifma
Processor Information for the first 8 processors :
  Max Mhz: 1690, Current Mhz: 1690, Mhz Limit: 1690

Memory: 4k page, system-wide physical 16126M (3263M free)
TotalPageFile size 18174M (AvailPageFile size 107M)
current process WorkingSet (physical memory assigned to process): 1477M, peak: 1679M
current process commit charge ("private bytes"): 1592M, peak: 1799M

vm_info: OpenJDK 64-Bit Server VM (21.0.8+9-LTS) for windows-amd64 JRE (21.0.8+9-LTS), built on 2025-07-15T00:00:00Z by "admin" with MS VC++ 17.7 (VS2022)

END.
